2023-01-03 00:55:54,257  pychop3d.search  [INFO]  Starting beam search with an instance of <class 'trimesh.base.Trimesh'>
2023-01-03 00:55:54,257  pychop3d.search  [INFO]  Trimesh stats:
2023-01-03 00:55:54,258  pychop3d.search  [INFO]  verts: 148 extents: [216.24000549 173.25       214.50700378]
2023-01-03 00:57:15,357  pychop3d.search  [INFO]  index 0, normal [-0.809  0.588  0.   ], norm trees: 10
2023-01-03 00:57:15,357  pychop3d.search  [INFO]  index 1, normal [-0.793  0.576  0.2  ], norm trees: 12
2023-01-03 00:57:15,357  pychop3d.search  [INFO]  index 2, normal [-0.741  0.539  0.4  ], norm trees: 12
2023-01-03 00:57:15,358  pychop3d.search  [INFO]  index 3, normal [-0.647  0.47   0.6  ], norm trees: 13
2023-01-03 00:57:15,358  pychop3d.search  [INFO]  index 4, normal [-0.485  0.353  0.8  ], norm trees: 14
2023-01-03 00:57:15,358  pychop3d.search  [INFO]  index 5, normal [-0.309  0.951  0.   ], norm trees: 10
2023-01-03 00:57:15,358  pychop3d.search  [INFO]  index 6, normal [-0.303  0.932  0.2  ], norm trees: 11
2023-01-03 00:57:15,359  pychop3d.search  [INFO]  index 7, normal [-0.283  0.872  0.4  ], norm trees: 12
2023-01-03 00:57:15,359  pychop3d.search  [INFO]  index 8, normal [-0.279 -0.253  0.926], norm trees: 11
2023-01-03 00:57:15,359  pychop3d.search  [INFO]  index 9, normal [-0.247  0.761  0.6  ], norm trees: 12
2023-01-03 00:57:15,359  pychop3d.search  [INFO]  index 10, normal [-0.185  0.571  0.8  ], norm trees: 14
2023-01-03 00:57:15,360  pychop3d.search  [INFO]  index 11, normal [-0.017 -0.963 -0.268], norm trees: 11
2023-01-03 00:57:15,360  pychop3d.search  [INFO]  index 12, normal [0.185 0.571 0.8  ], norm trees: 13
2023-01-03 00:57:15,360  pychop3d.search  [INFO]  index 13, normal [0.247 0.761 0.6  ], norm trees: 11
2023-01-03 00:57:15,360  pychop3d.search  [INFO]  index 14, normal [0.283 0.872 0.4  ], norm trees: 11
2023-01-03 00:57:15,360  pychop3d.search  [INFO]  index 15, normal [0.303 0.932 0.2  ], norm trees: 10
2023-01-03 00:57:15,361  pychop3d.search  [INFO]  index 16, normal [0.309 0.951 0.   ], norm trees: 8
2023-01-03 00:57:15,361  pychop3d.search  [INFO]  index 17, normal [0.485 0.353 0.8  ], norm trees: 13
2023-01-03 00:57:15,361  pychop3d.search  [INFO]  index 18, normal [0.6 0.  0.8], norm trees: 11
2023-01-03 00:57:15,361  pychop3d.search  [INFO]  index 19, normal [0.647 0.47  0.6  ], norm trees: 12
2023-01-03 00:57:15,362  pychop3d.search  [INFO]  index 20, normal [0.741 0.539 0.4  ], norm trees: 9
2023-01-03 00:57:15,362  pychop3d.search  [INFO]  index 21, normal [0.793 0.576 0.2  ], norm trees: 9
2023-01-03 00:57:15,362  pychop3d.search  [INFO]  index 22, normal [0.8 0.  0.6], norm trees: 9
2023-01-03 00:57:15,362  pychop3d.search  [INFO]  index 23, normal [0.809 0.588 0.   ], norm trees: 8
2023-01-03 00:57:15,363  pychop3d.search  [INFO]  index 24, normal [0.917 0.    0.4  ], norm trees: 10
2023-01-03 00:57:15,363  pychop3d.search  [INFO]  index 25, normal [ 0.96  -0.09   0.265], norm trees: 8
2023-01-03 00:57:15,363  pychop3d.search  [INFO]  index 26, normal [0.98 0.   0.2 ], norm trees: 8
2023-01-03 00:57:15,363  pychop3d.search  [INFO]  index 27, normal [1. 0. 0.], norm trees: 10
2023-01-03 00:57:15,363  pychop3d.search  [INFO]  total trees: 302
2023-01-03 00:57:15,687  pychop3d.search  [INFO]  77 valid trees
2023-01-03 00:57:15,687  pychop3d.search  [INFO]  Leaves: 2, best objective: 1.2191099770380696, estimated number of parts: 2.0
2023-01-03 00:57:15,688  pychop3d  [INFO]  Best BSP-tree found in 81.53905296325684 seconds
2023-01-03 00:57:15,689  pychop3d  [INFO]  finding best connector arrangement
2023-01-03 00:57:15,689  pychop3d.connector  [INFO]  Creating connectors...
2023-01-03 00:57:15,791  pychop3d.connector  [INFO]  Number of connectors: 269
2023-01-03 00:57:15,791  pychop3d.connector  [INFO]  determining connector-cut intersections
2023-01-03 00:57:16,147  pychop3d.connector  [INFO]  determining connector-connector intersections
2023-01-03 00:57:16,152  pychop3d.connector  [INFO]  initial objective: 1.1367081720779584
2023-01-03 00:57:17,602  pychop3d.connector  [INFO]  post initialization objective: 0.4237690012501215
2023-01-03 00:57:47,330  pychop3d.connector  [INFO]  final objective: 0.4440633217545461
2023-01-03 00:57:47,331  pychop3d  [INFO]  Best connector arrangement found in 31.641964197158813 seconds
2023-01-03 00:57:47,331  pychop3d  [INFO]  inserting 6 connectors...
2023-01-03 00:57:47,331  pychop3d.connector  [INFO]  inserting 6 connectors
2023-01-03 00:57:56,329  pychop3d  [INFO]  Finished
